JvmtiExport can_access_local_variables 0
JvmtiExport can_hotswap_or_post_breakpoint 0
JvmtiExport can_post_on_exceptions 0
# 449 ciObject found
ciMethod java/lang/Object <init> ()V 4097 1 649538 0 0
ciMethod java/lang/Object hashCode ()I 2049 1 256 0 -1
ciMethod java/lang/Object equals (Ljava/lang/Object;)Z 3145 1 33303 0 64
ciMethod java/lang/Object wait (J)V 1137 1 142 0 -1
ciMethod java/lang/String valueOf (Ljava/lang/Object;)Ljava/lang/String; 449 1 2703 0 -1
ciMethod java/security/AccessControlContext getDebug ()Lsun/security/util/Debug; 0 0 1 0 -1
ciMethod java/security/AccessControlContext <init> ([Ljava/security/ProtectionDomain;Z)V 73 1 1260 0 0
ciMethod java/security/AccessControlContext optimize ()Ljava/security/AccessControlContext; 2049 1 5430 0 3040
ciMethod java/security/AccessControlContext combine ([Ljava/security/ProtectionDomain;[Ljava/security/ProtectionDomain;)[Ljava/security/ProtectionDomain; 1201 1 3462 0 -1
ciMethod java/security/AccessControlContext calculateFields (Ljava/security/AccessControlContext;Ljava/security/AccessControlContext;[Ljava/security/Permission;)V 1001 1 2858 0 -1
ciMethod java/lang/ref/Reference get ()Ljava/lang/Object; 1105 1 138 0 -1
ciMethod java/lang/ref/Reference <init> (Ljava/lang/Object;)V 1009 1 19800 0 0
ciMethod java/lang/ref/Reference <init> (Ljava/lang/Object;Ljava/lang/ref/ReferenceQueue;)V 1857 1 23087 0 96
ciMethod java/lang/ref/WeakReference <init> (Ljava/lang/Object;)V 3073 1 8084 0 96
ciMethod java/lang/Thread currentThread ()Ljava/lang/Thread; 6145 1 768 0 -1
ciMethod java/util/Map get (Ljava/lang/Object;)Ljava/lang/Object; 0 0 1 0 -1
ciMethod java/util/Map put (Ljava/lang/Object;Ljava/lang/Object;)Ljava/lang/Object; 0 0 1 0 -1
ciMethod java/lang/Long valueOf (J)Ljava/lang/Long; 985 1 171 0 -1
ciMethod java/security/AccessController doPrivileged (Ljava/security/PrivilegedAction;)Ljava/lang/Object; 2049 1 256 0 -1
ciMethod java/security/AccessController getStackAccessControlContext ()Ljava/security/AccessControlContext; 2049 1 256 0 -1
ciMethod java/security/AccessController getInheritedAccessControlContext ()Ljava/security/AccessControlContext; 2057 1 257 0 -1
ciMethod java/security/AccessController getContext ()Ljava/security/AccessControlContext; 2057 1 27536 0 192
ciMethod java/util/AbstractCollection isEmpty ()Z 2065 1 343 0 -1
ciMethod java/lang/ref/ReferenceQueue poll ()Ljava/lang/ref/Reference; 2049 1 19610 0 -1
ciMethod java/util/Iterator hasNext ()Z 0 0 1 0 -1
ciMethod java/util/Iterator next ()Ljava/lang/Object; 0 0 1 0 -1
ciMethod java/util/Iterator remove ()V 0 0 1 0 -1
ciMethod java/util/WeakHashMap maskNull (Ljava/lang/Object;)Ljava/lang/Object; 2081 1 6892 0 0
ciMethod java/util/WeakHashMap eq (Ljava/lang/Object;Ljava/lang/Object;)Z 1265 1 4181 0 0
ciMethod java/util/WeakHashMap hash (Ljava/lang/Object;)I 3073 1 6892 0 0
ciMethod java/util/WeakHashMap indexFor (II)I 1969 1 6949 0 0
ciMethod java/util/WeakHashMap expungeStaleEntries ()V 2073 1 5443 0 2880
ciMethod java/util/WeakHashMap getTable ()[Ljava/util/WeakHashMap$Entry; 2073 1 6902 0 0
ciMethod java/util/WeakHashMap get (Ljava/lang/Object;)Ljava/lang/Object; 2049 129 5376 0 736
ciMethod java/lang/ThreadLocal get ()Ljava/lang/Object; 4097 1 1450 0 -1
ciMethod java/util/concurrent/atomic/AtomicInteger get ()I 1873 1 234 0 0
ciMethod java/lang/Enum ordinal ()I 1049 1 131 0 0
ciMethod java/lang/Enum equals (Ljava/lang/Object;)Z 385 1 3307 0 0
ciMethodData java/lang/Object <init> ()V 2 649538 orig 264 136 112 231 81 0 0 0 0 136 4 104 20 0 0 0 0 32 1 0 0 0 0 0 0 0 0 0 0 0 0 0 0 0 0 0 0 0 0 0 0 0 0 0 0 0 0 0 0 0 0 0 0 0 0 0 0 0 0 0 0 0 0 0 0 0 0 0 0 0 0 0 0 0 0 0 0 0 0 0 0 77 68 79 32 101 120 116 114 97 32 100 97 116 97 32 108 111 99 107 0 0 0 0 0 0 0 0 0 0 0 0 0 0 0 0 0 0 0 0 0 0 0 0 0 0 0 0 0 0 0 0 0 0 0 0 0 0 0 0 0 0 0 0 0 0 0 0 0 0 0 0 0 0 0 0 0 0 0 0 0 0 0 0 0 0 0 0 0 0 0 0 0 0 0 0 0 0 0 0 0 0 0 0 0 1 0 0 0 0 0 0 0 1 0 0 0 0 0 0 0 1 0 0 0 0 0 0 0 0 0 0 0 0 0 0 0 0 2 0 0 17 58 79 0 1 0 0 0 0 0 0 0 0 0 0 0 2 0 0 0 0 0 3 0 1 0 0 0 0 0 0 0 255 255 255 255 0 0 0 0 0 0 0 0 data 0 oops 0
ciMethod sun/security/util/Debug println (Ljava/lang/String;)V 0 0 1 0 -1
ciMethod java/awt/Component getParent ()Ljava/awt/Container; 2153 1 73807 0 -1
ciMethod java/awt/Component getContainer ()Ljava/awt/Container; 2385 1 5623 0 -1
ciMethod java/awt/Component getPeer ()Ljava/awt/peer/ComponentPeer; 1353 1 169 0 0
ciMethod java/awt/Component isDisplayable ()Z 2305 1 38002 0 64
ciMethod java/awt/Component isVisible ()Z 2217 1 5459 0 32
ciMethod java/awt/Component isVisible_NoClientCode ()Z 1057 1 132 0 0
ciMethod java/awt/Component isShowing ()Z 2073 1 5388 0 -1
ciMethod java/awt/Component isEnabled ()Z 2201 1 57965 0 32
ciMethod java/awt/Component isEnabledImpl ()Z 1425 1 178 0 0
ciMethod java/awt/Component isFocusTraversable ()Z 2065 1 2994 0 -1
ciMethod java/awt/Component isFocusable ()Z 897 1 2790 0 0
ciMethod java/awt/Component requestFocusInWindow (Lsun/awt/CausedFocusEvent$Cause;)Z 17 1 158 0 0
ciMethod java/awt/Component requestFocusHelper (ZZLsun/awt/CausedFocusEvent$Cause;)Z 41 217 499 0 -1
ciMethod java/awt/Component getFocusCycleRootAncestor ()Ljava/awt/Container; 2057 11377 507 0 -1
ciMethod java/awt/Component isFocusCycleRoot (Ljava/awt/Container;)Z 2049 1 342 0 -1
ciMethod java/awt/Component getNativeContainer ()Ljava/awt/Container; 265 969 4463 0 224
ciMethod java/awt/Component canBeFocusOwner ()Z 393 1 991 0 -1
ciMethod java/awt/Component getContainingWindow ()Ljava/awt/Window; 1377 1 5201 0 0
ciMethod java/awt/Container getFocusTraversalPolicy ()Ljava/awt/FocusTraversalPolicy; 41 1 106 0 0
ciMethod java/awt/Container isFocusCycleRoot ()Z 1025 1 128 0 -1
ciMethod java/awt/Container isFocusTraversalPolicyProvider ()Z 1553 1 194 0 -1
ciMethod java/awt/EventQueue isDispatchThread ()Z 2217 1 8223 0 -1
ciMethod java/util/LinkedList getFirst ()Ljava/lang/Object; 1961 1 1335 0 -1
ciMethod java/util/LinkedList addLast (Ljava/lang/Object;)V 25 1 10 0 -1
ciMethod java/util/LinkedList size ()I 1033 1 129 0 -1
ciMethod java/util/LinkedList listIterator (I)Ljava/util/ListIterator; 2129 1 16704 0 -1
ciMethod java/util/AbstractSequentialList iterator ()Ljava/util/Iterator; 4097 1 10324 0 -1
ciMethodData java/lang/ref/Reference <init> (Ljava/lang/Object;)V 2 19800 orig 264 136 112 231 81 0 0 0 0 80 126 106 20 0 0 0 0 56 1 0 0 0 0 0 0 0 0 0 0 0 0 0 0 0 0 0 0 0 0 0 0 0 0 0 0 0 0 0 0 0 0 0 0 0 0 0 0 0 0 0 0 0 0 0 0 0 0 0 0 0 0 0 0 0 0 0 0 0 0 0 0 77 68 79 32 101 120 116 114 97 32 100 97 116 97 32 108 111 99 107 0 0 0 0 0 0 0 0 0 0 0 0 0 0 0 0 0 0 0 0 0 0 0 0 0 0 0 0 0 0 0 0 0 0 0 0 0 0 0 0 0 0 0 0 0 0 0 0 0 0 0 0 0 0 0 0 0 0 0 0 0 0 0 0 0 0 0 0 0 0 0 0 0 0 0 0 0 0 0 0 0 0 0 0 0 1 0 0 0 0 0 0 0 0 0 0 0 0 0 0 0 1 0 0 0 0 0 0 0 0 0 0 0 0 0 0 0 126 0 0 0 209 102 2 0 1 0 0 0 0 0 0 0 0 0 0 0 2 0 0 0 0 0 6 0 2 0 0 0 16 0 0 0 255 255 255 255 2 0 3 0 0 0 0 0 data 2 0x30002 0x4cda oops 0
ciMethodData java/lang/ref/Reference <init> (Ljava/lang/Object;Ljava/lang/ref/ReferenceQueue;)V 2 23087 orig 264 136 112 231 81 0 0 0 0 0 127 106 20 0 0 0 0 120 1 0 0 0 0 0 0 0 0 0 0 0 0 0 0 0 0 0 0 0 0 0 0 0 0 0 0 0 0 0 0 0 0 0 0 0 0 0 0 0 0 0 0 0 0 0 0 0 0 0 0 0 0 0 0 0 0 0 0 0 0 0 0 77 68 79 32 101 120 116 114 97 32 100 97 116 97 32 108 111 99 107 0 0 0 0 0 0 0 0 0 0 0 0 0 0 0 0 0 0 0 0 0 0 0 0 0 0 0 0 0 0 0 0 0 0 0 0 0 0 0 0 0 0 0 0 0 0 0 0 0 0 0 0 0 0 0 0 0 0 0 0 0 0 0 0 0 0 0 0 0 0 0 0 0 0 0 0 0 0 0 0 0 0 0 0 0 1 0 0 0 0 0 0 0 0 0 0 0 0 0 0 0 1 0 0 0 0 0 0 0 0 0 0 0 0 0 0 0 232 0 0 0 57 202 2 0 1 0 0 0 0 0 0 0 0 0 0 0 2 0 0 0 0 0 6 0 2 0 0 0 72 0 0 0 255 255 255 255 2 0 1 0 0 0 0 0 data 9 0x10002 0x5947 0xb0007 0xd19 0x38 0x4c2e 0x110003 0x4c2e 0x18 oops 0
ciMethod sun/awt/SunToolkit getAppContext (Ljava/lang/Object;)Lsun/awt/AppContext; 2065 1 5397 0 -1
ciMethod sun/awt/SunToolkit targetToAppContext (Ljava/lang/Object;)Lsun/awt/AppContext; 2065 1 36420 0 5600
ciMethod sun/awt/SunToolkit postEvent (Lsun/awt/AppContext;Ljava/awt/AWTEvent;)V 1889 1 5375 0 -1
ciMethod sun/awt/SunToolkit getContainingWindow (Ljava/awt/Component;)Ljava/awt/Window; 1617 8273 7127 0 128
ciMethod sun/util/logging/PlatformLogger isLoggable (Lsun/util/logging/PlatformLogger$Level;)Z 2049 1 10499 0 416
ciMethod sun/util/logging/PlatformLogger fine (Ljava/lang/String;[Ljava/lang/Object;)V 0 0 1 0 0
ciMethod sun/util/logging/PlatformLogger finer (Ljava/lang/String;[Ljava/lang/Object;)V 0 0 1 0 0
ciMethod sun/util/logging/PlatformLogger finest (Ljava/lang/String;)V 41 1 603 0 -1
ciMethod sun/util/logging/PlatformLogger finest (Ljava/lang/String;[Ljava/lang/Object;)V 0 0 1 0 -1
ciMethod sun/util/logging/PlatformLogger$Level intValue ()I 3649 1 10752 0 0
ciMethod sun/util/logging/PlatformLogger$DefaultLoggerProxy isLoggable (Lsun/util/logging/PlatformLogger$Level;)Z 2049 1 5376 0 192
ciMethod sun/util/logging/PlatformLogger$LoggerProxy doLog (Lsun/util/logging/PlatformLogger$Level;Ljava/lang/String;[Ljava/lang/Object;)V 0 0 1 0 -1
ciMethod sun/util/logging/PlatformLogger$LoggerProxy isLoggable (Lsun/util/logging/PlatformLogger$Level;)Z 0 0 1 0 -1
ciMethod sun/util/logging/PlatformLogger$JavaLoggerProxy isLoggable (Lsun/util/logging/PlatformLogger$Level;)Z 1153 1 5124 0 0
ciMethod sun/util/logging/LoggingSupport ensureAvailable ()V 1481 1 5749 0 32
ciMethod sun/util/logging/LoggingSupport isLoggable (Ljava/lang/Object;Ljava/lang/Object;)Z 1153 1 5124 0 0
ciMethod sun/util/logging/LoggingProxy isLoggable (Ljava/lang/Object;Ljava/lang/Object;)Z 0 0 1 0 -1
ciMethod java/util/logging/LoggingProxyImpl isLoggable (Ljava/lang/Object;Ljava/lang/Object;)Z 1153 1 5124 0 0
ciMethod java/awt/event/InputEvent getWhen ()J 1585 1 5571 0 -1
ciMethod java/awt/event/ComponentEvent <init> (Ljava/awt/Component;I)V 2049 1 7850 0 352
ciMethod java/awt/event/ComponentEvent getComponent ()Ljava/awt/Component; 1569 1 11907 0 128
ciMethod java/awt/AWTEvent <init> (Ljava/lang/Object;I)V 2049 1 5376 0 352
ciMethod java/awt/AWTEvent setSource (Ljava/lang/Object;)V 41 1 629 0 0
ciMethod java/awt/AWTEvent nativeSetSource (Ljava/awt/peer/ComponentPeer;)V 1113 1 139 0 -1
ciMethod java/awt/AWTEvent getID ()I 1081 1 135 0 0
ciMethod java/util/EventObject <init> (Ljava/lang/Object;)V 2049 1 17709 0 96
ciMethod java/util/EventObject getSource ()Ljava/lang/Object; 1113 1 139 0 0
ciMethod java/util/ListIterator hasNext ()Z 0 0 1 0 -1
ciMethod java/util/ListIterator next ()Ljava/lang/Object; 0 0 1 0 -1
ciMethod java/util/ListIterator hasPrevious ()Z 0 0 1 0 -1
ciMethod java/util/ListIterator previous ()Ljava/lang/Object; 0 0 1 0 -1
ciMethod java/util/ListIterator remove ()V 0 0 1 0 -1
ciMethodData java/lang/Object equals (Ljava/lang/Object;)Z 2 33303 orig 264 136 112 231 81 0 0 0 0 240 6 104 20 0 0 0 0 136 1 0 0 0 0 0 0 0 0 0 0 0 0 0 0 0 0 0 0 0 0 0 0 0 0 0 0 0 0 0 0 0 0 0 0 0 0 0 0 0 0 0 0 0 0 0 0 0 0 0 0 0 0 0 0 0 0 0 0 0 0 0 0 77 68 79 32 101 120 116 114 97 32 100 97 116 97 32 108 111 99 107 0 0 0 0 0 0 0 0 0 0 0 0 0 0 0 0 0 0 0 0 0 0 0 0 0 0 0 0 0 0 0 0 0 0 0 0 0 0 0 0 0 0 0 0 0 0 0 0 0 0 0 0 0 0 0 0 0 0 0 0 0 0 0 0 0 0 0 0 0 0 0 0 0 0 0 0 0 0 0 0 0 0 0 0 0 1 0 0 0 0 0 0 0 0 0 0 0 0 0 0 0 3 0 0 0 0 0 0 0 0 0 0 0 0 0 0 0 137 1 0 0 113 4 4 0 1 0 0 0 0 0 0 0 0 0 0 0 2 0 0 0 0 0 6 0 2 0 0 0 56 0 0 0 255 255 255 255 7 0 2 0 0 0 0 0 data 7 0x20007 0x2eab 0x38 0x51e3 0x60003 0x51e3 0x18 oops 0
ciMethodData java/lang/ref/WeakReference <init> (Ljava/lang/Object;)V 2 8084 orig 264 136 112 231 81 0 0 0 0 144 136 106 20 0 0 0 0 56 1 0 0 0 0 0 0 0 0 0 0 0 0 0 0 0 0 0 0 0 0 0 0 0 0 0 0 0 0 0 0 0 0 0 0 0 0 0 0 0 0 0 0 0 0 0 0 0 0 0 0 0 0 0 0 0 0 0 0 0 0 0 0 77 68 79 32 101 120 116 114 97 32 100 97 116 97 32 108 111 99 107 0 0 0 0 0 0 0 0 0 0 0 0 0 0 0 0 0 0 0 0 0 0 0 0 0 0 0 0 0 0 0 0 0 0 0 0 0 0 0 0 0 0 0 0 0 0 0 0 0 0 0 0 0 0 0 0 0 0 0 0 0 0 0 0 0 0 0 0 0 0 0 0 0 0 0 0 0 0 0 0 0 0 0 0 0 1 0 0 0 0 0 0 0 0 0 0 0 0 0 0 0 1 0 0 0 0 0 0 0 0 0 0 0 0 0 0 0 128 1 0 0 161 240 0 0 1 0 0 0 0 0 0 0 0 0 0 0 2 0 0 0 0 0 7 0 2 0 0 0 16 0 0 0 255 255 255 255 2 0 2 0 0 0 0 0 data 2 0x20002 0x1e14 oops 0
ciMethod sun/awt/AppContext isDisposed ()Z 905 1 113 0 -1
ciMethod sun/awt/AppContext getAppContext ()Lsun/awt/AppContext; 3161 1 5575 0 128
ciMethod sun/awt/AppContext get (Ljava/lang/Object;)Ljava/lang/Object; 2281 1 6457 0 2528
ciMethod sun/awt/AppContext put (Ljava/lang/Object;Ljava/lang/Object;)Ljava/lang/Object; 737 1 195 0 -1
ciMethod sun/awt/AppContext$3 <init> ()V 17 1 2 0 -1
ciMethod sun/awt/MostRecentKeyValue <init> (Ljava/lang/Object;Ljava/lang/Object;)V 17 1 2 0 -1
ciMethod sun/awt/MostRecentKeyValue setPair (Ljava/lang/Object;Ljava/lang/Object;)V 801 1 3659 0 -1
ciMethod java/awt/Window getOwner ()Ljava/awt/Window; 73 1 212 0 -1
ciMethod java/awt/Window getFocusOwner ()Ljava/awt/Component; 353 1 44 0 -1
ciMethod java/awt/Window getMostRecentFocusOwner ()Ljava/awt/Component; 17 1 80 0 0
ciMethod java/awt/Window isFocused ()Z 1081 1 240 0 -1
ciMethod java/awt/Window isFocusableWindow ()Z 289 1 1470 0 0
ciMethod java/awt/Window getFocusableWindowState ()Z 1025 1 128 0 -1
ciMethod java/awt/Window isShowing ()Z 1025 1 128 0 -1
ciMethod java/awt/Window getTemporaryLostComponent ()Ljava/awt/Component; 1081 1 135 0 0
ciMethod java/awt/Window setTemporaryLostComponent (Ljava/awt/Component;)Ljava/awt/Component; 25 1 176 0 0
ciMethodData sun/util/logging/PlatformLogger$Level intValue ()I 2 10752 orig 264 136 112 231 81 0 0 0 0 120 82 153 20 0 0 0 0 120 1 0 0 0 0 0 0 0 0 0 0 0 0 0 0 0 0 0 0 0 0 0 0 0 0 0 0 0 0 0 0 0 0 0 0 0 0 0 0 0 0 0 0 0 0 0 0 0 0 0 0 0 0 0 0 0 0 0 0 0 0 0 0 77 68 79 32 101 120 116 114 97 32 100 97 116 97 32 108 111 99 107 0 0 0 0 0 0 0 0 0 0 0 0 0 0 0 0 0 0 0 0 0 0 0 0 0 0 0 0 0 0 0 0 0 0 0 0 0 0 0 0 0 0 0 0 0 0 0 0 0 0 0 0 0 0 0 0 0 0 0 0 0 0 0 0 0 0 0 0 0 0 0 0 0 0 0 0 0 0 0 0 0 0 0 0 0 0 0 0 0 0 0 0 0 0 0 0 0 0 0 0 0 0 0 0 0 0 0 0 0 0 0 0 0 0 0 0 0 200 1 0 0 193 65 1 0 1 0 0 0 0 0 0 0 0 0 0 0 2 0 0 0 0 0 3 0 2 0 0 0 48 0 0 0 255 255 255 255 5 0 4 0 0 0 0 0 data 6 0x40005 0x0 0x1a1ee8c0 0x2838 0x0 0x0 oops 1 2 sun/util/logging/PlatformLogger$Level
ciMethod java/awt/KeyboardFocusManager getCurrentKeyboardFocusManager ()Ljava/awt/KeyboardFocusManager; 2049 1 59833 0 928
ciMethod java/awt/KeyboardFocusManager getCurrentKeyboardFocusManager (Lsun/awt/AppContext;)Ljava/awt/KeyboardFocusManager; 2049 1 5557 0 832
ciMethod java/awt/KeyboardFocusManager getFocusOwner ()Ljava/awt/Component; 2049 1 6410 0 -1
ciMethod java/awt/KeyboardFocusManager getGlobalFocusOwner ()Ljava/awt/Component; 961 1 6375 0 960
ciMethod java/awt/KeyboardFocusManager setGlobalFocusOwner (Ljava/awt/Component;)V 57 1 607 0 0
ciMethod java/awt/KeyboardFocusManager clearGlobalFocusOwnerPriv ()V 353 1 44 0 -1
ciMethod java/awt/KeyboardFocusManager setNativeFocusOwner (Ljava/awt/Component;)V 57 1 607 0 0
ciMethod java/awt/KeyboardFocusManager getPermanentFocusOwner ()Ljava/awt/Component; 2049 1 5389 0 -1
ciMethod java/awt/KeyboardFocusManager getGlobalPermanentFocusOwner ()Ljava/awt/Component; 49 1 536 0 0
ciMethod java/awt/KeyboardFocusManager setGlobalPermanentFocusOwner (Ljava/awt/Component;)V 65 1 580 0 0
ciMethod java/awt/KeyboardFocusManager getFocusedWindow ()Ljava/awt/Window; 1505 1 188 0 -1
ciMethod java/awt/KeyboardFocusManager getGlobalFocusedWindow ()Ljava/awt/Window; 145 1 909 0 0
ciMethod java/awt/KeyboardFocusManager setGlobalFocusedWindow (Ljava/awt/Window;)V 25 1 167 0 0
ciMethod java/awt/KeyboardFocusManager getActiveWindow ()Ljava/awt/Window; 1337 1 167 0 -1
ciMethod java/awt/KeyboardFocusManager getGlobalActiveWindow ()Ljava/awt/Window; 97 1 668 0 0
ciMethod java/awt/KeyboardFocusManager setGlobalActiveWindow (Ljava/awt/Window;)V 25 1 167 0 0
ciMethod java/awt/KeyboardFocusManager getDefaultFocusTraversalPolicy ()Ljava/awt/FocusTraversalPolicy; 1025 1 128 0 -1
ciMethod java/awt/KeyboardFocusManager getCurrentFocusCycleRoot ()Ljava/awt/Container; 2057 1 1576 0 -1
ciMethod java/awt/KeyboardFocusManager setGlobalCurrentFocusCycleRootPriv (Ljava/awt/Container;)V 649 1 204 0 -1
ciMethod java/awt/KeyboardFocusManager firePropertyChange (Ljava/lang/String;Ljava/lang/Object;Ljava/lang/Object;)V 2049 1 1726 0 -1
ciMethod java/awt/KeyboardFocusManager fireVetoableChange (Ljava/lang/String;Ljava/lang/Object;Ljava/lang/Object;)V 2049 1 1521 0 -1
ciMethod java/awt/KeyboardFocusManager setMostRecentFocusOwner (Ljava/awt/Component;)V 1745 8193 1041 0 -1
ciMethod java/awt/KeyboardFocusManager setMostRecentFocusOwner (Ljava/awt/Window;Ljava/awt/Component;)V 89 1 931 0 0
ciMethod java/awt/KeyboardFocusManager getMostRecentFocusOwner (Ljava/awt/Window;)Ljava/awt/Component; 497 1 3095 0 0
ciMethod java/awt/KeyboardFocusManager redispatchEvent (Ljava/awt/Component;Ljava/awt/AWTEvent;)V 2049 1 1080 0 -1
ciMethod java/awt/KeyboardFocusManager isAutoFocusTransferEnabled ()Z 57 1 490 0 0
ciMethod java/awt/KeyboardFocusManager getHeavyweight (Ljava/awt/Component;)Ljava/awt/Component; 89 1 918 0 0
ciMethod java/awt/KeyboardFocusManager checkReplaceKFMPermission ()V 33 1 248 0 -1
ciMethod java/awt/KeyboardFocusManager checkKFMSecurity ()V 1417 1 10009 0 0
ciMethod java/awt/DefaultKeyboardFocusManager <init> ()V 9 1 1 0 -1
ciMethod java/awt/DefaultKeyboardFocusManager getOwningFrameDialog (Ljava/awt/Window;)Ljava/awt/Window; 17 1 84 0 0
ciMethod java/awt/DefaultKeyboardFocusManager restoreFocus (Ljava/awt/event/FocusEvent;Ljava/awt/Window;)V 0 0 31 0 0
ciMethod java/awt/DefaultKeyboardFocusManager restoreFocus (Ljava/awt/event/WindowEvent;)V 0 0 1 0 0
ciMethod java/awt/DefaultKeyboardFocusManager restoreFocus (Ljava/awt/Window;Ljava/awt/Component;Z)Z 0 0 31 0 0
ciMethod java/awt/DefaultKeyboardFocusManager restoreFocus (Ljava/awt/Component;Z)Z 0 0 1 0 0
ciMethod java/awt/DefaultKeyboardFocusManager doRestoreFocus (Ljava/awt/Component;Ljava/awt/Component;Z)Z 0 0 31 0 -1
ciMethod java/awt/DefaultKeyboardFocusManager sendMessage (Ljava/awt/Component;Ljava/awt/AWTEvent;)Z 33 1 207 0 0
ciMethod java/awt/DefaultKeyboardFocusManager repostIfFollowsKeyEvents (Ljava/awt/event/WindowEvent;)Z 25 1 167 0 0
ciMethod java/awt/DefaultKeyboardFocusManager dispatchEvent (Ljava/awt/AWTEvent;)Z 2049 1 5504 0 -1
ciMethod java/awt/DefaultKeyboardFocusManager pumpApprovedKeyEvents ()V 2049 17 1405 0 -1
ciMethod java/awt/DefaultKeyboardFocusManager dumpMarkers ()V 1233 1 608 0 -1
ciMethod java/awt/DefaultKeyboardFocusManager typeAheadAssertions (Ljava/awt/Component;Ljava/awt/AWTEvent;)Z 105 41 1101 0 0
ciMethod java/awt/DefaultKeyboardFocusManager hasMarker (Ljava/awt/Component;)Z 617 1 304 0 -1
ciMethod java/awt/DefaultKeyboardFocusManager preDispatchKeyEvent (Ljava/awt/event/KeyEvent;)Z 97 1 160 0 -1
ciMethod java/awt/DefaultKeyboardFocusManager dequeueKeyEvents (JLjava/awt/Component;)V 1 1 115 0 0
ciMethod java/awt/FocusTraversalPolicy getDefaultComponent (Ljava/awt/Container;)Ljava/awt/Component; 0 0 1 0 -1
ciMethod java/awt/FocusTraversalPolicy getInitialComponent (Ljava/awt/Window;)Ljava/awt/Component; 9 1 22 0 0
ciMethod java/awt/peer/KeyboardFocusManagerPeer setCurrentFocusOwner (Ljava/awt/Component;)V 0 0 1 0 -1
ciMethodData sun/awt/AppContext getAppContext ()Lsun/awt/AppContext; 2 5575 orig 264 136 112 231 81 0 0 0 0 144 248 176 20 0 0 0 0 128 2 0 0 80 0 0 0 0 0 0 0 0 0 0 0 0 0 0 0 0 0 0 0 0 0 0 0 0 0 0 0 0 0 0 0 0 0 0 0 0 0 0 0 0 0 0 0 0 0 0 0 0 0 0 0 0 0 0 0 0 0 0 0 77 68 79 32 101 120 116 114 97 32 100 97 116 97 32 108 111 99 107 0 0 0 0 0 0 0 0 0 0 0 0 0 0 0 0 0 0 0 0 0 0 0 0 0 0 0 0 0 0 0 0 0 0 0 0 0 0 0 0 0 0 0 0 0 0 0 0 0 0 0 0 0 0 0 0 0 0 0 0 0 0 0 0 0 0 0 0 0 0 0 0 0 0 0 0 0 0 0 0 0 0 0 0 0 0 0 0 0 0 0 0 0 0 0 0 0 0 0 0 0 0 0 0 0 0 0 0 0 0 0 0 0 0 0 0 0 138 1 0 0 225 161 0 0 1 0 0 0 0 0 0 0 0 0 0 0 2 0 0 0 0 0 11 0 2 0 0 0 64 1 0 0 255 255 255 255 5 0 3 0 0 0 0 0 data 40 0x30005 0x21 0x16c0f510 0x141b 0x0 0x0 0x70007 0x0 0x40 0x143c 0xd0007 0x0 0x20 0x143c 0x170005 0x0 0x0 0x0 0x0 0x0 0x1a0004 0x0 0x0 0x0 0x0 0x0 0x200007 0x0 0x70 0x0 0x270002 0x0 0x2a0002 0x0 0x2d0004 0x0 0x0 0x0 0x0 0x0 oops 1 2 java/util/concurrent/atomic/AtomicInteger
ciMethodData sun/awt/AppContext get (Ljava/lang/Object;)Ljava/lang/Object; 2 6457 orig 264 136 112 231 81 0 0 0 0 64 255 176 20 0 0 0 0 72 2 0 0 176 0 0 0 0 0 0 0 0 0 0 0 0 0 0 0 0 0 0 0 0 0 0 0 0 0 0 0 0 0 0 0 0 0 0 0 0 0 0 0 0 0 0 0 0 0 0 0 0 0 0 0 0 0 0 0 0 0 0 0 77 68 79 32 101 120 116 114 97 32 100 97 116 97 32 108 111 99 107 0 0 0 0 0 0 0 0 0 0 0 0 0 0 0 0 0 0 0 0 0 0 0 0 0 0 0 0 0 0 0 0 0 0 0 0 0 0 0 0 0 0 0 0 0 0 0 0 0 0 0 0 0 0 0 0 0 0 0 0 0 0 0 0 0 0 0 0 0 0 0 0 0 0 0 0 0 0 0 0 0 0 0 0 0 25 0 0 0 0 0 0 0 0 0 0 0 0 0 0 0 0 0 0 0 0 0 0 0 0 0 0 0 0 0 0 0 29 1 0 0 225 192 0 0 1 0 0 0 0 0 0 0 0 0 0 0 2 0 0 0 0 0 16 0 2 0 0 0 248 0 0 0 255 255 255 255 7 0 13 0 0 0 0 0 data 31 0xd0007 0x0 0x40 0x181c 0x150007 0xde7 0x20 0xa35 0x240005 0x0 0x1b06aa80 0xde7 0x0 0x0 0x2f0007 0xde7 0x58 0x0 0x3a0002 0x0 0x480002 0x0 0x4e0003 0x0 0x48 0x5e0005 0x0 0x172a5240 0xde7 0x0 0x0 oops 2 10 java/util/HashMap 27 sun/awt/MostRecentKeyValue
ciMethodData sun/util/logging/PlatformLogger isLoggable (Lsun/util/logging/PlatformLogger$Level;)Z 2 10499 orig 264 136 112 231 81 0 0 0 0 24 53 153 20 0 0 0 0 24 2 0 0 48 0 0 0 0 0 0 0 0 0 0 0 0 0 0 0 0 0 0 0 0 0 0 0 0 0 0 0 0 0 0 0 0 0 0 0 0 0 0 0 0 0 0 0 0 0 0 0 0 0 0 0 0 0 0 0 0 0 0 0 77 68 79 32 101 120 116 114 97 32 100 97 116 97 32 108 111 99 107 0 0 0 0 0 0 0 0 0 0 0 0 0 0 0 0 0 0 0 0 0 0 0 0 0 0 0 0 0 0 0 0 0 0 0 0 0 0 0 0 0 0 0 0 0 1 0 0 0 0 0 0 0 0 0 0 0 0 0 0 0 0 0 0 0 0 0 0 0 0 0 0 0 0 0 0 0 0 0 0 1 0 0 0 0 25 0 0 0 0 0 0 0 0 0 0 0 0 0 0 0 1 0 0 0 0 0 0 0 0 0 0 0 0 0 0 0 0 1 0 0 25 64 1 0 1 0 0 0 0 20 0 0 0 0 0 0 2 0 0 0 0 0 12 0 2 0 0 0 200 0 0 0 255 255 255 255 7 0 1 0 0 0 0 0 data 25 0x10007 0x2803 0x30 0x0 0x80002 0x0 0x12e007 0x1400 0x68 0x1404 0x170005 0x95 0x16c39f60 0x136f 0x0 0x0 0x1a0003 0x1404 0x48 0x220005 0x0 0x16c3c690 0x1400 0x0 0x0 oops 2 12 sun/util/logging/PlatformLogger$JavaLoggerProxy 21 sun/util/logging/PlatformLogger$DefaultLoggerProxy
ciMethodData sun/util/logging/PlatformLogger$DefaultLoggerProxy isLoggable (Lsun/util/logging/PlatformLogger$Level;)Z 2 5376 orig 264 136 112 231 81 0 0 0 0 160 107 153 20 0 0 0 0 8 2 0 0 0 0 0 0 0 0 0 0 0 0 0 0 0 0 0 0 0 0 0 0 0 0 0 0 0 0 0 0 0 0 0 0 0 0 0 0 0 0 0 0 0 0 0 0 0 0 0 0 0 0 0 0 0 0 0 0 0 0 0 0 77 68 79 32 101 120 116 114 97 32 100 97 116 97 32 108 111 99 107 0 0 0 0 0 0 0 0 0 0 0 0 0 0 0 0 0 0 0 0 0 0 0 0 0 0 0 0 0 0 0 0 0 0 0 0 0 0 0 0 0 0 0 0 0 0 0 0 0 0 0 0 0 0 0 0 0 0 0 0 0 0 0 0 0 0 0 0 0 0 0 0 0 0 0 0 0 0 0 0 0 0 0 0 0 0 0 0 0 0 0 0 0 0 0 0 0 0 0 0 0 0 0 0 0 0 0 0 0 0 0 0 0 0 0 0 0 0 1 0 0 1 160 0 0 1 0 0 0 0 0 0 0 0 0 0 0 2 0 0 0 0 0 9 0 2 0 0 0 184 0 0 0 255 255 255 255 5 0 6 0 0 0 0 0 data 23 0x60005 0x0 0x1a1ee8c0 0x1400 0x0 0x0 0xa0005 0x0 0x1a1ee8c0 0x1400 0x0 0x0 0xd0007 0x1400 0x58 0x0 0x140007 0x0 0x38 0x0 0x180003 0x0 0x18 oops 2 2 sun/util/logging/PlatformLogger$Level 8 sun/util/logging/PlatformLogger$Level
ciMethod sun/awt/TimedWindowEvent getWhen ()J 33 1 171 0 -1
ciMethod java/awt/event/WindowEvent <init> (Ljava/awt/Window;ILjava/awt/Window;II)V 65 1 270 0 0
ciMethod java/awt/event/WindowEvent <init> (Ljava/awt/Window;ILjava/awt/Window;)V 25 1 18 0 0
ciMethod java/awt/event/WindowEvent getWindow ()Ljava/awt/Window; 41 1 251 0 0
ciMethod java/awt/event/WindowEvent getOppositeWindow ()Ljava/awt/Window; 25 1 167 0 0
ciMethod java/awt/DefaultKeyboardFocusManager$DefaultKeyboardFocusManagerSentEvent <init> (Ljava/awt/AWTEvent;Lsun/awt/AppContext;)V 1657 1 207 0 -1
ciMethod java/awt/SentEvent dispatch ()V 2065 1 581 0 -1
ciMethod java/awt/event/FocusEvent <init> (Ljava/awt/Component;IZLjava/awt/Component;)V 113 1 1184 0 0
ciMethod java/awt/event/FocusEvent isTemporary ()Z 1025 1 128 0 0
ciMethod java/awt/event/FocusEvent getOppositeComponent ()Ljava/awt/Component; 153 1 1929 0 0
ciMethod sun/awt/CausedFocusEvent getCause ()Lsun/awt/CausedFocusEvent$Cause; 41 1 5 0 0
ciMethod sun/awt/CausedFocusEvent <init> (Ljava/awt/Component;IZLjava/awt/Component;Lsun/awt/CausedFocusEvent$Cause;)V 113 1 1184 0 0
ciMethodData sun/awt/SunToolkit targetToAppContext (Ljava/lang/Object;)Lsun/awt/AppContext; 2 36420 orig 264 136 112 231 81 0 0 0 0 80 197 151 20 0 0 0 0 248 1 0 0 0 0 0 0 0 0 0 0 0 0 0 0 0 0 0 0 0 0 0 0 0 0 0 0 0 0 0 0 0 0 0 0 0 0 0 0 0 0 0 0 0 0 0 0 0 0 0 0 0 0 0 0 0 0 0 0 0 0 0 0 77 68 79 32 101 120 116 114 97 32 100 97 116 97 32 108 111 99 107 0 0 0 0 0 0 0 0 0 0 0 0 0 0 0 0 0 0 0 0 0 0 0 0 0 0 0 0 0 0 0 0 0 0 0 0 0 0 0 0 0 0 0 0 0 0 0 0 0 0 0 0 0 0 0 0 0 0 0 0 0 0 0 0 0 0 0 0 0 0 0 0 0 0 0 0 0 0 0 0 0 0 0 0 0 17 0 0 0 0 0 0 0 0 0 0 0 0 0 0 0 0 0 0 0 0 0 0 0 0 0 0 0 0 0 0 0 2 1 0 0 17 106 4 0 1 0 0 0 0 0 0 0 0 0 0 0 2 0 0 0 0 0 13 0 2 0 0 0 176 0 0 0 255 255 255 255 7 0 1 0 0 0 0 0 data 22 0x10007 0x8d42 0x20 0x0 0x70002 0x8d42 0xc0007 0x83de 0x80 0x964 0x130005 0x0 0x1a350550 0x964 0x0 0x0 0x180104 0x0 0x0 0x0 0x0 0x0 oops 1 12 java/util/Collections$SynchronizedMap
ciMethodData java/security/AccessControlContext optimize ()Ljava/security/AccessControlContext; 2 5430 orig 264 136 112 231 81 0 0 0 0 120 65 106 20 0 0 0 0 248 5 0 0 144 4 0 0 0 0 0 0 0 0 0 0 0 0 0 0 0 0 0 0 0 0 0 0 0 0 0 0 0 0 0 0 0 0 0 0 0 0 0 0 0 0 0 0 0 0 0 0 0 0 0 0 0 0 0 0 0 0 0 0 77 68 79 32 101 120 116 114 97 32 100 97 116 97 32 108 111 99 107 0 0 0 0 0 0 0 0 0 0 0 0 0 0 0 0 0 0 0 0 0 0 0 0 0 0 0 0 0 0 0 0 0 0 0 0 0 0 0 0 0 0 0 0 0 0 0 0 0 0 0 0 0 0 0 0 0 0 0 0 0 0 0 0 0 0 0 0 0 0 0 0 0 0 0 0 0 0 0 0 0 0 0 0 0 0 0 0 0 0 0 0 0 0 0 0 0 0 0 0 0 0 0 0 0 0 0 0 0 0 0 0 0 0 0 0 0 0 1 0 0 177 161 0 0 1 0 0 0 0 0 0 0 0 0 0 0 2 0 0 0 0 0 88 0 2 0 0 0 176 4 0 0 255 255 255 255 7 0 11 0 0 0 0 0 data 150 0xb0007 0x5e3 0x78 0xe53 0x140007 0x0 0xa8 0xe53 0x1b0007 0xe53 0x88 0x0 0x290003 0x0 0x68 0x2c0002 0x5e3 0x310007 0x0 0x40 0x5e3 0x380007 0x5e3 0x20 0x0 0x410007 0x363 0x38 0x10d3 0x450003 0x10d3 0x18 0x4c0007 0x0 0x40 0x1436 0x530007 0xa07 0x38 0xa2f 0x570003 0xa2f 0x18 0x5f0007 0xa07 0x38 0xa2f 0x630003 0xa2f 0x18 0x6d0007 0x0 0x40 0x1436 0x740007 0x0 0x58 0x1436 0x780007 0x0 0x38 0x1436 0x7c0003 0x1436 0x18 0x830007 0x0 0xe8 0x1436 0x8a0007 0x1436 0xc8 0x0 0x8d0002 0x0 0x900007 0x0 0x50 0x0 0x980005 0x0 0x0 0x0 0x0 0x0 0xa70005 0x0 0x0 0x0 0x0 0x0 0xae0003 0x0 0x1c8 0xb30007 0x363 0x70 0x10d3 0xb80007 0x8e5 0x30 0x7ee 0xc00002 0x7ee 0xc70007 0x0 0xa0 0x8e5 0xce0007 0x241 0x80 0x122 0xd30007 0x0 0x60 0x122 0xdc0007 0x2 0x40 0x120 0xe90007 0x0 0x20 0x120 0xf40002 0x243 0xfb0007 0x0 0x60 0x243 0x1000007 0x241 0x40 0x2 0x1070007 0x2 0x20 0x0 0x10e0007 0x2 0x50 0x241 0x1170007 0x0 0x30 0x241 0x11f0002 0x241 0x1390002 0x2 oops 0