Nov 27, 2018 8:54:16 PM com.risk.controller.StartUpPhase initialStartUpPhase
INFO: Manan got 30
Nov 27, 2018 8:54:16 PM com.risk.controller.StartUpPhase initialStartUpPhase
INFO: Prince got 30
Nov 27, 2018 8:54:16 PM com.risk.controller.StartUpPhase initialStartUpPhase
INFO: Shalin got 30
Nov 27, 2018 8:54:16 PM com.risk.controller.StartUpPhase initialStartUpPhase
INFO: Khyati got 30
Nov 27, 2018 8:54:16 PM com.risk.controller.StartUpPhase initialStartUpPhase
INFO: Manan has put 1 in Nigeria
Nov 27, 2018 8:54:16 PM com.risk.controller.StartUpPhase initialStartUpPhase
INFO: Prince has put 1 in Niger
Nov 27, 2018 8:54:16 PM com.risk.controller.StartUpPhase initialStartUpPhase
INFO: Shalin has put 1 in Western Sahara
Nov 27, 2018 8:54:16 PM com.risk.controller.StartUpPhase initialStartUpPhase
INFO: Khyati has put 1 in Morroco
Nov 27, 2018 8:54:16 PM com.risk.controller.StartUpPhase initialStartUpPhase
INFO: Manan has put 1 in Mauritania
Nov 27, 2018 8:54:16 PM com.risk.controller.StartUpPhase initialStartUpPhase
INFO: Prince has put 1 in Algeria
Nov 27, 2018 8:54:16 PM com.risk.controller.StartUpPhase initialStartUpPhase
INFO: Shalin has put 1 in Senegal
Nov 27, 2018 8:54:16 PM com.risk.controller.StartUpPhase initialStartUpPhase
INFO: Khyati has put 1 in Tunisia
Nov 27, 2018 8:54:16 PM com.risk.controller.StartUpPhase initialStartUpPhase
INFO: Manan has put 1 in  Mauritania
Nov 27, 2018 8:54:16 PM com.risk.controller.StartUpPhase initialStartUpPhase
INFO: Manan has put 1 in  Nigeria
Nov 27, 2018 8:54:16 PM com.risk.controller.StartUpPhase initialStartUpPhase
INFO: Manan has put 1 in  Mauritania
Nov 27, 2018 8:54:16 PM com.risk.controller.StartUpPhase initialStartUpPhase
INFO: Manan has put 1 in  Nigeria
Nov 27, 2018 8:54:16 PM com.risk.controller.StartUpPhase initialStartUpPhase
INFO: Manan has put 1 in  Mauritania
Nov 27, 2018 8:54:16 PM com.risk.controller.StartUpPhase initialStartUpPhase
INFO: Manan has put 1 in  Nigeria
Nov 27, 2018 8:54:16 PM com.risk.controller.StartUpPhase initialStartUpPhase
INFO: Manan has put 1 in  Mauritania
Nov 27, 2018 8:54:16 PM com.risk.controller.StartUpPhase initialStartUpPhase
INFO: Manan has put 1 in  Nigeria
Nov 27, 2018 8:54:16 PM com.risk.controller.StartUpPhase initialStartUpPhase
INFO: Manan has put 1 in  Mauritania
Nov 27, 2018 8:54:16 PM com.risk.controller.StartUpPhase initialStartUpPhase
INFO: Manan has put 1 in  Nigeria
Nov 27, 2018 8:54:16 PM com.risk.controller.StartUpPhase initialStartUpPhase
INFO: Manan has put 1 in  Mauritania
Nov 27, 2018 8:54:16 PM com.risk.controller.StartUpPhase initialStartUpPhase
INFO: Manan has put 1 in  Nigeria
Nov 27, 2018 8:54:16 PM com.risk.controller.StartUpPhase initialStartUpPhase
INFO: Manan has put 1 in  Mauritania
Nov 27, 2018 8:54:16 PM com.risk.controller.StartUpPhase initialStartUpPhase
INFO: Manan has put 1 in  Nigeria
Nov 27, 2018 8:54:16 PM com.risk.controller.StartUpPhase initialStartUpPhase
INFO: Manan has put 1 in  Mauritania
Nov 27, 2018 8:54:16 PM com.risk.controller.StartUpPhase initialStartUpPhase
INFO: Manan has put 1 in  Nigeria
Nov 27, 2018 8:54:16 PM com.risk.controller.StartUpPhase initialStartUpPhase
INFO: Manan has put 1 in  Mauritania
Nov 27, 2018 8:54:16 PM com.risk.controller.StartUpPhase initialStartUpPhase
INFO: Manan has put 1 in  Nigeria
Nov 27, 2018 8:54:16 PM com.risk.controller.StartUpPhase initialStartUpPhase
INFO: Manan has put 1 in  Mauritania
Nov 27, 2018 8:54:16 PM com.risk.controller.StartUpPhase initialStartUpPhase
INFO: Manan has put 1 in  Nigeria
Nov 27, 2018 8:54:16 PM com.risk.controller.StartUpPhase initialStartUpPhase
INFO: Manan has put 1 in  Mauritania
Nov 27, 2018 8:54:16 PM com.risk.controller.StartUpPhase initialStartUpPhase
INFO: Manan has put 1 in  Nigeria
Nov 27, 2018 8:54:16 PM com.risk.controller.StartUpPhase initialStartUpPhase
INFO: Manan has put 1 in  Mauritania
Nov 27, 2018 8:54:16 PM com.risk.controller.StartUpPhase initialStartUpPhase
INFO: Manan has put 1 in  Nigeria
Nov 27, 2018 8:54:16 PM com.risk.controller.StartUpPhase initialStartUpPhase
INFO: Manan has put 1 in  Mauritania
Nov 27, 2018 8:54:16 PM com.risk.controller.StartUpPhase initialStartUpPhase
INFO: Manan has put 1 in  Nigeria
Nov 27, 2018 8:54:16 PM com.risk.controller.StartUpPhase initialStartUpPhase
INFO: Manan has put 1 in  Mauritania
Nov 27, 2018 8:54:16 PM com.risk.controller.StartUpPhase initialStartUpPhase
INFO: Manan has put 1 in  Nigeria
Nov 27, 2018 8:54:16 PM com.risk.controller.StartUpPhase initialStartUpPhase
INFO: Prince has put 1 in  Niger
Nov 27, 2018 8:54:16 PM com.risk.controller.StartUpPhase initialStartUpPhase
INFO: Prince has put 1 in  Algeria
Nov 27, 2018 8:54:16 PM com.risk.controller.StartUpPhase initialStartUpPhase
INFO: Prince has put 1 in  Niger
Nov 27, 2018 8:54:16 PM com.risk.controller.StartUpPhase initialStartUpPhase
INFO: Prince has put 1 in  Algeria
Nov 27, 2018 8:54:16 PM com.risk.controller.StartUpPhase initialStartUpPhase
INFO: Prince has put 1 in  Niger
Nov 27, 2018 8:54:16 PM com.risk.controller.StartUpPhase initialStartUpPhase
INFO: Prince has put 1 in  Algeria
Nov 27, 2018 8:54:16 PM com.risk.controller.StartUpPhase initialStartUpPhase
INFO: Prince has put 1 in  Niger
Nov 27, 2018 8:54:16 PM com.risk.controller.StartUpPhase initialStartUpPhase
INFO: Prince has put 1 in  Algeria
Nov 27, 2018 8:54:16 PM com.risk.controller.StartUpPhase initialStartUpPhase
INFO: Prince has put 1 in  Niger
Nov 27, 2018 8:54:16 PM com.risk.controller.StartUpPhase initialStartUpPhase
INFO: Prince has put 1 in  Algeria
Nov 27, 2018 8:54:16 PM com.risk.controller.StartUpPhase initialStartUpPhase
INFO: Prince has put 1 in  Niger
Nov 27, 2018 8:54:16 PM com.risk.controller.StartUpPhase initialStartUpPhase
INFO: Prince has put 1 in  Algeria
Nov 27, 2018 8:54:16 PM com.risk.controller.StartUpPhase initialStartUpPhase
INFO: Prince has put 1 in  Niger
Nov 27, 2018 8:54:16 PM com.risk.controller.StartUpPhase initialStartUpPhase
INFO: Prince has put 1 in  Algeria
Nov 27, 2018 8:54:16 PM com.risk.controller.StartUpPhase initialStartUpPhase
INFO: Prince has put 1 in  Niger
Nov 27, 2018 8:54:16 PM com.risk.controller.StartUpPhase initialStartUpPhase
INFO: Prince has put 1 in  Algeria
Nov 27, 2018 8:54:16 PM com.risk.controller.StartUpPhase initialStartUpPhase
INFO: Prince has put 1 in  Niger
Nov 27, 2018 8:54:16 PM com.risk.controller.StartUpPhase initialStartUpPhase
INFO: Prince has put 1 in  Algeria
Nov 27, 2018 8:54:16 PM com.risk.controller.StartUpPhase initialStartUpPhase
INFO: Prince has put 1 in  Niger
Nov 27, 2018 8:54:16 PM com.risk.controller.StartUpPhase initialStartUpPhase
INFO: Prince has put 1 in  Algeria
Nov 27, 2018 8:54:16 PM com.risk.controller.StartUpPhase initialStartUpPhase
INFO: Prince has put 1 in  Niger
Nov 27, 2018 8:54:16 PM com.risk.controller.StartUpPhase initialStartUpPhase
INFO: Prince has put 1 in  Algeria
Nov 27, 2018 8:54:16 PM com.risk.controller.StartUpPhase initialStartUpPhase
INFO: Prince has put 1 in  Niger
Nov 27, 2018 8:54:16 PM com.risk.controller.StartUpPhase initialStartUpPhase
INFO: Prince has put 1 in  Algeria
Nov 27, 2018 8:54:16 PM com.risk.controller.StartUpPhase initialStartUpPhase
INFO: Prince has put 1 in  Niger
Nov 27, 2018 8:54:16 PM com.risk.controller.StartUpPhase initialStartUpPhase
INFO: Prince has put 1 in  Algeria
Nov 27, 2018 8:54:16 PM com.risk.controller.StartUpPhase initialStartUpPhase
INFO: Prince has put 1 in  Niger
Nov 27, 2018 8:54:16 PM com.risk.controller.StartUpPhase initialStartUpPhase
INFO: Prince has put 1 in  Algeria
Nov 27, 2018 8:54:16 PM com.risk.controller.StartUpPhase initialStartUpPhase
INFO: Shalin has put 1 in  Western Sahara
Nov 27, 2018 8:54:16 PM com.risk.controller.StartUpPhase initialStartUpPhase
INFO: Shalin has put 1 in  Senegal
Nov 27, 2018 8:54:16 PM com.risk.controller.StartUpPhase initialStartUpPhase
INFO: Shalin has put 1 in  Western Sahara
Nov 27, 2018 8:54:16 PM com.risk.controller.StartUpPhase initialStartUpPhase
INFO: Shalin has put 1 in  Senegal
Nov 27, 2018 8:54:16 PM com.risk.controller.StartUpPhase initialStartUpPhase
INFO: Shalin has put 1 in  Western Sahara
Nov 27, 2018 8:54:16 PM com.risk.controller.StartUpPhase initialStartUpPhase
INFO: Shalin has put 1 in  Senegal
Nov 27, 2018 8:54:16 PM com.risk.controller.StartUpPhase initialStartUpPhase
INFO: Shalin has put 1 in  Western Sahara
Nov 27, 2018 8:54:16 PM com.risk.controller.StartUpPhase initialStartUpPhase
INFO: Shalin has put 1 in  Senegal
Nov 27, 2018 8:54:16 PM com.risk.controller.StartUpPhase initialStartUpPhase
INFO: Shalin has put 1 in  Western Sahara
Nov 27, 2018 8:54:16 PM com.risk.controller.StartUpPhase initialStartUpPhase
INFO: Shalin has put 1 in  Senegal
Nov 27, 2018 8:54:16 PM com.risk.controller.StartUpPhase initialStartUpPhase
INFO: Shalin has put 1 in  Western Sahara
Nov 27, 2018 8:54:16 PM com.risk.controller.StartUpPhase initialStartUpPhase
INFO: Shalin has put 1 in  Senegal
Nov 27, 2018 8:54:16 PM com.risk.controller.StartUpPhase initialStartUpPhase
INFO: Shalin has put 1 in  Western Sahara
Nov 27, 2018 8:54:16 PM com.risk.controller.StartUpPhase initialStartUpPhase
INFO: Shalin has put 1 in  Senegal
Nov 27, 2018 8:54:16 PM com.risk.controller.StartUpPhase initialStartUpPhase
INFO: Shalin has put 1 in  Western Sahara
Nov 27, 2018 8:54:16 PM com.risk.controller.StartUpPhase initialStartUpPhase
INFO: Shalin has put 1 in  Senegal
Nov 27, 2018 8:54:16 PM com.risk.controller.StartUpPhase initialStartUpPhase
INFO: Shalin has put 1 in  Western Sahara
Nov 27, 2018 8:54:16 PM com.risk.controller.StartUpPhase initialStartUpPhase
INFO: Shalin has put 1 in  Senegal
Nov 27, 2018 8:54:16 PM com.risk.controller.StartUpPhase initialStartUpPhase
INFO: Shalin has put 1 in  Western Sahara
Nov 27, 2018 8:54:16 PM com.risk.controller.StartUpPhase initialStartUpPhase
INFO: Shalin has put 1 in  Senegal
Nov 27, 2018 8:54:16 PM com.risk.controller.StartUpPhase initialStartUpPhase
INFO: Shalin has put 1 in  Western Sahara
Nov 27, 2018 8:54:16 PM com.risk.controller.StartUpPhase initialStartUpPhase
INFO: Shalin has put 1 in  Senegal
Nov 27, 2018 8:54:16 PM com.risk.controller.StartUpPhase initialStartUpPhase
INFO: Shalin has put 1 in  Western Sahara
Nov 27, 2018 8:54:16 PM com.risk.controller.StartUpPhase initialStartUpPhase
INFO: Shalin has put 1 in  Senegal
Nov 27, 2018 8:54:16 PM com.risk.controller.StartUpPhase initialStartUpPhase
INFO: Shalin has put 1 in  Western Sahara
Nov 27, 2018 8:54:16 PM com.risk.controller.StartUpPhase initialStartUpPhase
INFO: Shalin has put 1 in  Senegal
Nov 27, 2018 8:54:16 PM com.risk.controller.StartUpPhase initialStartUpPhase
INFO: Shalin has put 1 in  Western Sahara
Nov 27, 2018 8:54:16 PM com.risk.controller.StartUpPhase initialStartUpPhase
INFO: Shalin has put 1 in  Senegal
Nov 27, 2018 8:54:16 PM com.risk.controller.StartUpPhase initialStartUpPhase
INFO: Khyati has put 1 in  Morroco
Nov 27, 2018 8:54:16 PM com.risk.controller.StartUpPhase initialStartUpPhase
INFO: Khyati has put 1 in  Tunisia
Nov 27, 2018 8:54:16 PM com.risk.controller.StartUpPhase initialStartUpPhase
INFO: Khyati has put 1 in  Morroco
Nov 27, 2018 8:54:16 PM com.risk.controller.StartUpPhase initialStartUpPhase
INFO: Khyati has put 1 in  Tunisia
Nov 27, 2018 8:54:16 PM com.risk.controller.StartUpPhase initialStartUpPhase
INFO: Khyati has put 1 in  Morroco
Nov 27, 2018 8:54:16 PM com.risk.controller.StartUpPhase initialStartUpPhase
INFO: Khyati has put 1 in  Tunisia
Nov 27, 2018 8:54:16 PM com.risk.controller.StartUpPhase initialStartUpPhase
INFO: Khyati has put 1 in  Morroco
Nov 27, 2018 8:54:16 PM com.risk.controller.StartUpPhase initialStartUpPhase
INFO: Khyati has put 1 in  Tunisia
Nov 27, 2018 8:54:16 PM com.risk.controller.StartUpPhase initialStartUpPhase
INFO: Khyati has put 1 in  Morroco
Nov 27, 2018 8:54:16 PM com.risk.controller.StartUpPhase initialStartUpPhase
INFO: Khyati has put 1 in  Tunisia
Nov 27, 2018 8:54:16 PM com.risk.controller.StartUpPhase initialStartUpPhase
INFO: Khyati has put 1 in  Morroco
Nov 27, 2018 8:54:16 PM com.risk.controller.StartUpPhase initialStartUpPhase
INFO: Khyati has put 1 in  Tunisia
Nov 27, 2018 8:54:16 PM com.risk.controller.StartUpPhase initialStartUpPhase
INFO: Khyati has put 1 in  Morroco
Nov 27, 2018 8:54:16 PM com.risk.controller.StartUpPhase initialStartUpPhase
INFO: Khyati has put 1 in  Tunisia
Nov 27, 2018 8:54:16 PM com.risk.controller.StartUpPhase initialStartUpPhase
INFO: Khyati has put 1 in  Morroco
Nov 27, 2018 8:54:16 PM com.risk.controller.StartUpPhase initialStartUpPhase
INFO: Khyati has put 1 in  Tunisia
Nov 27, 2018 8:54:16 PM com.risk.controller.StartUpPhase initialStartUpPhase
INFO: Khyati has put 1 in  Morroco
Nov 27, 2018 8:54:16 PM com.risk.controller.StartUpPhase initialStartUpPhase
INFO: Khyati has put 1 in  Tunisia
Nov 27, 2018 8:54:16 PM com.risk.controller.StartUpPhase initialStartUpPhase
INFO: Khyati has put 1 in  Morroco
Nov 27, 2018 8:54:16 PM com.risk.controller.StartUpPhase initialStartUpPhase
INFO: Khyati has put 1 in  Tunisia
Nov 27, 2018 8:54:16 PM com.risk.controller.StartUpPhase initialStartUpPhase
INFO: Khyati has put 1 in  Morroco
Nov 27, 2018 8:54:16 PM com.risk.controller.StartUpPhase initialStartUpPhase
INFO: Khyati has put 1 in  Tunisia
Nov 27, 2018 8:54:16 PM com.risk.controller.StartUpPhase initialStartUpPhase
INFO: Khyati has put 1 in  Morroco
Nov 27, 2018 8:54:16 PM com.risk.controller.StartUpPhase initialStartUpPhase
INFO: Khyati has put 1 in  Tunisia
Nov 27, 2018 8:54:16 PM com.risk.controller.StartUpPhase initialStartUpPhase
INFO: Khyati has put 1 in  Morroco
Nov 27, 2018 8:54:16 PM com.risk.controller.StartUpPhase initialStartUpPhase
INFO: Khyati has put 1 in  Tunisia
Nov 27, 2018 8:54:16 PM com.risk.controller.StartUpPhase initialStartUpPhase
INFO: Khyati has put 1 in  Morroco
Nov 27, 2018 8:54:16 PM com.risk.controller.StartUpPhase initialStartUpPhase
INFO: Khyati has put 1 in  Tunisia
